{"type_of":"article","id":1227092,"title":"Can someone please help me I am a new Developer","description":"PS C:\\Users\\14439\\RunApp&gt; npx react-native run-android info JS server already running. info...","readable_publish_date":"Oct 22","slug":"can-someone-please-help-me-i-am-a-new-developer-5727","path":"/kwame0127/can-someone-please-help-me-i-am-a-new-developer-5727","url":"https://dev.to/kwame0127/can-someone-please-help-me-i-am-a-new-developer-5727","comments_count":0,"public_reactions_count":3,"collection_id":null,"published_timestamp":"2022-10-22T16:57:23Z","positive_reactions_count":3,"cover_image":null,"social_image":"https://dev.to/social_previews/article/1227092.png","canonical_url":"https://dev.to/kwame0127/can-someone-please-help-me-i-am-a-new-developer-5727","created_at":"2022-10-22T16:57:24Z","edited_at":null,"crossposted_at":null,"published_at":"2022-10-22T16:57:23Z","last_comment_at":"2022-10-22T16:57:23Z","reading_time_minutes":2,"tag_list":"reactnative, react, beginners","tags":["reactnative","react","beginners"],"body_html":"<p>PS C:\\Users\\14439\\RunApp&gt; npx react-native run-android<br>\ninfo JS server already running.<br>\ninfo Installing the app...</p>\n\n<blockquote>\n<p>Task :app:processDebugResources FAILED                                                                                                                                      </p>\n</blockquote>\n\n<p>Deprecated Gradle features were used in this build, making it incompatible with Gradle 8.0.</p>\n\n<p>You can use '--warning-mode all' to show the individual deprecation warnings and determine if they come from your own scripts or plugins.</p>\n\n<p>See <a href=\"https://docs.gradle.org/7.5.1/userguide/command_line_interface.html#sec:command_line_warnings\">https://docs.gradle.org/7.5.1/userguide/command_line_interface.html#sec:command_line_warnings</a><br>\n87 actionable tasks: 2 executed, 85 up-to-date</p>\n\n<p>FAILURE: Build completed with 2 failures.</p>\n\n<h2>\n  <a name=\"1-task-failed-with-an-exception\" href=\"#1-task-failed-with-an-exception\">\n  </a>\n  1: Task failed with an exception.\n</h2>\n\n<ul>\n<li>\n<p>What went wrong:<br>\nExecution failed for task ':app:processDebugResources'.</p>\n\n<blockquote>\n<p>A failure occurred while executing com.android.build.gradle.internal.res.LinkApplicationAndroidResourcesTask$TaskAction<br>\nAndroid resource linking failed<br>\n C:\\Users\\14439\\RunApp\\android\\app\\build\\intermediates\\packaged_manifests\\debug\\AndroidManifest.xml:56: error: unexpected element  found in .</p>\n</blockquote>\n</li>\n<li>\n<p>Try:</p>\n\n<blockquote>\n<p>Run with --stacktrace option to get the stack trace.<br>\nRun with --info or --debug option to get more log output.</p>\n<h1>\n  <a name=\"run-with-scan-to-get-full-insights\" href=\"#run-with-scan-to-get-full-insights\">\n  </a>\n  Run with --scan to get full insights.\n</h1>\n</blockquote>\n</li>\n</ul>\n\n<h2>\n  <a name=\"2-task-failed-with-an-exception\" href=\"#2-task-failed-with-an-exception\">\n  </a>\n  2: Task failed with an exception.\n</h2>\n\n<ul>\n<li><p>What went wrong:<br>\njava.lang.StackOverflowError (no error message)</p></li>\n<li>\n<p>Try:</p>\n\n<blockquote>\n<p>Run with --stacktrace option to get the stack trace.<br>\nRun with --info or --debug option to get more log output.</p>\n<h1>\n  <a name=\"run-with-scan-to-get-full-insights\" href=\"#run-with-scan-to-get-full-insights\">\n  </a>\n  Run with --scan to get full insights.\n</h1>\n</blockquote>\n</li>\n<li><p>Get more help at <a href=\"https://help.gradle.org\">https://help.gradle.org</a></p></li>\n</ul>\n\n<p>BUILD FAILED in 1m 37s</p>\n\n<p>error Failed to install the app. Make sure you have the Android development environment set up: <a href=\"https://reactnative.dev/docs/environment-setup\">https://reactnative.dev/docs/environment-setup</a>.<br>\nError: Command failed: gradlew.bat app:installDebug -PreactNativeDevServerPort=8081</p>\n\n<p>FAILURE: Build completed with 2 failures.</p>\n\n<h2>\n  <a name=\"1-task-failed-with-an-exception\" href=\"#1-task-failed-with-an-exception\">\n  </a>\n  1: Task failed with an exception.\n</h2>\n\n<ul>\n<li>\n<p>What went wrong:<br>\nExecution failed for task ':app:processDebugResources'.</p>\n\n<blockquote>\n<p>A failure occurred while executing com.android.build.gradle.internal.res.LinkApplicationAndroidResourcesTask$TaskAction<br>\nAndroid resource linking failed<br>\n C:\\Users\\14439\\RunApp\\android\\app\\build\\intermediates\\packaged_manifests\\debug\\AndroidManifest.xml:56: error: unexpected element  found in .</p>\n</blockquote>\n</li>\n<li>\n<p>Try:</p>\n\n<blockquote>\n<p>Run with --stacktrace option to get the stack trace.<br>\nRun with --info or --debug option to get more log output.</p>\n<h1>\n  <a name=\"run-with-scan-to-get-full-insights\" href=\"#run-with-scan-to-get-full-insights\">\n  </a>\n  Run with --scan to get full insights.\n</h1>\n</blockquote>\n</li>\n</ul>\n\n<h2>\n  <a name=\"2-task-failed-with-an-exception\" href=\"#2-task-failed-with-an-exception\">\n  </a>\n  2: Task failed with an exception.\n</h2>\n\n<ul>\n<li><p>What went wrong:<br>\njava.lang.StackOverflowError (no error message)</p></li>\n<li>\n<p>Try:</p>\n\n<blockquote>\n<p>Run with --stacktrace option to get the stack trace.<br>\nRun with --info or --debug option to get more log output.</p>\n<h1>\n  <a name=\"run-with-scan-to-get-full-insights\" href=\"#run-with-scan-to-get-full-insights\">\n  </a>\n  Run with --scan to get full insights.\n</h1>\n</blockquote>\n</li>\n<li><p>Get more help at <a href=\"https://help.gradle.org\">https://help.gradle.org</a></p></li>\n</ul>\n\n<p>BUILD FAILED in 1m 37s</p>\n\n<div class=\"highlight js-code-highlight\">\n<pre class=\"highlight plaintext\"><code>at makeError (C:\\Users\\14439\\RunApp\\node_modules\\@react-native-community\\cli-platform-android\\node_modules\\execa\\index.js:174:9)\nat C:\\Users\\14439\\RunApp\\node_modules\\@react-native-community\\cli-platform-android\\node_modules\\execa\\index.js:278:16\nat process.processTicksAndRejections (node:internal/process/task_queues:95:5)\nat async runOnAllDevices (C:\\Users\\14439\\RunApp\\node_modules\\@react-native-community\\cli-platform-android\\build\\commands\\runAndroid\\runOnAllDevices.js:109:5)\nat async Command.handleAction (C:\\Users\\14439\\RunApp\\node_modules\\@react-native-community\\cli\\build\\index.js:142:9)\n</code></pre>\n<div class=\"highlight__panel js-actions-panel\">\n<div class=\"highlight__panel-action js-fullscreen-code-action\">\n    <svg xmlns=\"http://www.w3.org/2000/svg\" width=\"20px\" height=\"20px\" viewbox=\"0 0 24 24\" class=\"highlight-action crayons-icon highlight-action--fullscreen-on\"><title>Enter fullscreen mode</title>\n    <path d=\"M16 3h6v6h-2V5h-4V3zM2 3h6v2H4v4H2V3zm18 16v-4h2v6h-6v-2h4zM4 19h4v2H2v-6h2v4z\"></path>\n</svg>\n\n    <svg xmlns=\"http://www.w3.org/2000/svg\" width=\"20px\" height=\"20px\" viewbox=\"0 0 24 24\" class=\"highlight-action crayons-icon highlight-action--fullscreen-off\"><title>Exit fullscreen mode</title>\n    <path d=\"M18 7h4v2h-6V3h2v4zM8 9H2V7h4V3h2v6zm10 8v4h-2v-6h6v2h-4zM8 15v6H6v-4H2v-2h6z\"></path>\n</svg>\n\n</div>\n</div>\n</div>\n\n<p>info Run CLI with --verbose flag for more details.</p>\n\n","body_markdown":"PS C:\\Users\\14439\\RunApp> npx react-native run-android\ninfo JS server already running.\ninfo Installing the app...\n> Task :app:processDebugResources FAILED                                                                                                                                      \n\nDeprecated Gradle features were used in this build, making it incompatible with Gradle 8.0.\n\nYou can use '--warning-mode all' to show the individual deprecation warnings and determine if they come from your own scripts or plugins.\n\nSee https://docs.gradle.org/7.5.1/userguide/command_line_interface.html#sec:command_line_warnings\n87 actionable tasks: 2 executed, 85 up-to-date\n\nFAILURE: Build completed with 2 failures.\n\n1: Task failed with an exception.\n-----------\n* What went wrong:\nExecution failed for task ':app:processDebugResources'.\n> A failure occurred while executing com.android.build.gradle.internal.res.LinkApplicationAndroidResourcesTask$TaskAction\n   > Android resource linking failed\n     C:\\Users\\14439\\RunApp\\android\\app\\build\\intermediates\\packaged_manifests\\debug\\AndroidManifest.xml:56: error: unexpected element <application> found in <manifest><application>.\n\n\n* Try:\n> Run with --stacktrace option to get the stack trace.\n> Run with --info or --debug option to get more log output.\n> Run with --scan to get full insights.\n==============================================================================\n\n2: Task failed with an exception.\n-----------\n* What went wrong:\njava.lang.StackOverflowError (no error message)\n\n* Try:\n> Run with --stacktrace option to get the stack trace.\n> Run with --info or --debug option to get more log output.\n> Run with --scan to get full insights.\n==============================================================================\n\n* Get more help at https://help.gradle.org\n\nBUILD FAILED in 1m 37s\n\nerror Failed to install the app. Make sure you have the Android development environment set up: https://reactnative.dev/docs/environment-setup.\nError: Command failed: gradlew.bat app:installDebug -PreactNativeDevServerPort=8081\n\nFAILURE: Build completed with 2 failures.\n\n1: Task failed with an exception.\n-----------\n* What went wrong:\nExecution failed for task ':app:processDebugResources'.\n> A failure occurred while executing com.android.build.gradle.internal.res.LinkApplicationAndroidResourcesTask$TaskAction\n   > Android resource linking failed\n     C:\\Users\\14439\\RunApp\\android\\app\\build\\intermediates\\packaged_manifests\\debug\\AndroidManifest.xml:56: error: unexpected element <application> found in <manifest><application>.\n\n\n* Try:\n> Run with --stacktrace option to get the stack trace.\n> Run with --info or --debug option to get more log output.\n> Run with --scan to get full insights.\n==============================================================================\n\n2: Task failed with an exception.\n-----------\n* What went wrong:\njava.lang.StackOverflowError (no error message)\n\n* Try:\n> Run with --stacktrace option to get the stack trace.\n> Run with --info or --debug option to get more log output.\n> Run with --scan to get full insights.\n==============================================================================\n\n* Get more help at https://help.gradle.org\n\nBUILD FAILED in 1m 37s\n\n    at makeError (C:\\Users\\14439\\RunApp\\node_modules\\@react-native-community\\cli-platform-android\\node_modules\\execa\\index.js:174:9)\n    at C:\\Users\\14439\\RunApp\\node_modules\\@react-native-community\\cli-platform-android\\node_modules\\execa\\index.js:278:16\n    at process.processTicksAndRejections (node:internal/process/task_queues:95:5)\n    at async runOnAllDevices (C:\\Users\\14439\\RunApp\\node_modules\\@react-native-community\\cli-platform-android\\build\\commands\\runAndroid\\runOnAllDevices.js:109:5)\n    at async Command.handleAction (C:\\Users\\14439\\RunApp\\node_modules\\@react-native-community\\cli\\build\\index.js:142:9)\ninfo Run CLI with --verbose flag for more details.","user":{"name":"Kwame0127","username":"kwame0127","twitter_username":null,"github_username":"Kwame0127","user_id":952279,"website_url":null,"profile_image":"https://res.cloudinary.com/practicaldev/image/fetch/s--a7dkMfPX--/c_fill,f_auto,fl_progressive,h_640,q_auto,w_640/https://dev-to-uploads.s3.amazonaws.com/uploads/user/profile_image/952279/4e4c40e2-1e52-49d2-a8b7-56181462d044.png","profile_image_90":"https://res.cloudinary.com/practicaldev/image/fetch/s--ygb8bKl9--/c_fill,f_auto,fl_progressive,h_90,q_auto,w_90/https://dev-to-uploads.s3.amazonaws.com/uploads/user/profile_image/952279/4e4c40e2-1e52-49d2-a8b7-56181462d044.png"}}